<?xml version="1.0" encoding="UTF-8"?>
<testsuite xmlns:xsi="http://www.w3.org/2001/XMLSchema-instance" xsi:noNamespaceSchemaLocation="https://maven.apache.org/surefire/maven-surefire-plugin/xsd/surefire-test-report-3.0.xsd" version="3.0" name="com.weatherApp.WeatherDataStoreTest" time="0.025" tests="13" errors="0" skipped="0" failures="0">
  <properties>
[...]
</properties>
  <testcase name="testLoadPersistedDataMalformedJson" classname="com.weatherApp.WeatherDataStoreTest" time="0.006"/>
  <testcase name="testPersistData" classname="com.weatherApp.WeatherDataStoreTest" time="0.005"/>
  <testcase name="testExpireOldData" classname="com.weatherApp.WeatherDataStoreTest" time="0.002"/>
  <testcase name="testSaveDataWithNonExistingId" classname="com.weatherApp.WeatherDataStoreTest" time="0"/>
  <testcase name="testLoadPersistedDataEmptyFile" classname="com.weatherApp.WeatherDataStoreTest" time="0.001">
    <system-err><![CDATA[Failed to load persisted data: No content to map due to end-of-input
 at [Source: (File); line: 1, column: 0]
]]></system-err>
  </testcase>
  <testcase name="testClearData" classname="com.weatherApp.WeatherDataStoreTest" time="0"/>
  <testcase name="testGetData" classname="com.weatherApp.WeatherDataStoreTest" time="0"/>
  <testcase name="testLoadPersistedDataNonEmptyFile" classname="com.weatherApp.WeatherDataStoreTest" time="0.004"/>
  <testcase name="testIsNewEntry" classname="com.weatherApp.WeatherDataStoreTest" time="0"/>
  <testcase name="testSaveDataNewEntry" classname="com.weatherApp.WeatherDataStoreTest" time="0.001"/>
  <testcase name="testPersistDataAfterSave" classname="com.weatherApp.WeatherDataStoreTest" time="0.002"/>
  <testcase name="testExpireOldDataPlaceholder" classname="com.weatherApp.WeatherDataStoreTest" time="0"/>
  <testcase name="testSaveDataUpdateEntry" classname="com.weatherApp.WeatherDataStoreTest" time="0"/>
</testsuite>